CALL(0,0,CheckNumber#CheckNum(I)V)
BRANCH(20975617,0,12)
CALL(20975618,13,scala/collection/mutable/StringBuilder#<init>()V)
CALL(21753857,54,scala/collection/mutable/StringBuilder#<init>(ILjava/lang/String;)V)
CALL(21749764,49,scala/collection/mutable/StringBuilder#<init>(Ljava/lang/StringBuilder;)V)
CALL(21745665,32,scala/collection/mutable/AbstractSeq#<init>()V)
CALL(8495105,48,scala/collection/AbstractSeq#<init>()V)
CALL(38162433,41,scala/collection/AbstractIterable#<init>()V)
CALL(8560641,54,scala/collection/AbstractTraversable#<init>()V)
CALL(4636674,104,scala/collection/TraversableOnce$class#$init$(Lscala/collection/TraversableOnce;)V)
RET(16953345,62)
CALL(4636675,104,scala/collection/Parallelizable$class#$init$(Lscala/collection/Parallelizable;)V)
RET(8193,21)
CALL(4636676,104,scala/collection/TraversableLike$class#$init$(Lscala/collection/TraversableLike;)V)
RET(8617985,69)
CALL(4636677,104,scala/collection/generic/GenericTraversableTemplate$class#$init$(Lscala/collection/generic/GenericTraversableTemplate;)V)
RET(16814081,30)
CALL(4636678,104,scala/collection/GenTraversable$class#$init$(Lscala/collection/GenTraversable;)V)
RET(20979713,22)
CALL(4636679,104,scala/collection/Traversable$class#$init$(Lscala/collection/Traversable;)V)
RET(12595201,21)
RET(4636680,104)
CALL(8560642,54,scala/collection/GenIterable$class#$init$(Lscala/collection/GenIterable;)V)
RET(8193,24)
CALL(8560643,54,scala/collection/IterableLike$class#$init$(Lscala/collection/IterableLike;)V)
RET(21098497,51)
CALL(8560644,54,scala/collection/Iterable$class#$init$(Lscala/collection/Iterable;)V)
RET(12289,20)
RET(8560645,54)
CALL(38162434,41,scala/Function1$class#$init$(Lscala/Function1;)V)
RET(16891905,32)
CALL(38162435,41,scala/PartialFunction$class#$init$(Lscala/PartialFunction;)V)
RET(24577,55)
CALL(38162436,41,scala/collection/GenSeqLike$class#$init$(Lscala/collection/GenSeqLike;)V)
RET(53249,33)
CALL(38162437,41,scala/collection/GenSeq$class#$init$(Lscala/collection/GenSeq;)V)
RET(12591105,24)
CALL(38162438,41,scala/collection/SeqLike$class#$init$(Lscala/collection/SeqLike;)V)
RET(172033,62)
CALL(38162439,41,scala/collection/Seq$class#$init$(Lscala/collection/Seq;)V)
RET(12595201,18)
RET(38162440,41)
CALL(8495106,48,scala/collection/mutable/Traversable$class#$init$(Lscala/collection/mutable/Traversable;)V)
RET(12289,21)
CALL(8495107,48,scala/collection/mutable/Iterable$class#$init$(Lscala/collection/mutable/Iterable;)V)
RET(20987905,18)
CALL(8495108,48,scala/collection/mutable/Cloneable$class#$init$(Lscala/collection/mutable/Cloneable;)V)
RET(25174017,21)
CALL(8495109,48,scala/collection/mutable/SeqLike$class#$init$(Lscala/collection/mutable/SeqLike;)V)
RET(12595201,21)
CALL(8495110,48,scala/collection/mutable/Seq$class#$init$(Lscala/collection/mutable/Seq;)V)
RET(16789505,28)
RET(8495111,48)
CALL(21745666,32,scala/collection/IndexedSeqLike$class#$init$(Lscala/collection/IndexedSeqLike;)V)
RET(12607489,40)
CALL(21745667,32,scala/collection/IndexedSeq$class#$init$(Lscala/collection/IndexedSeq;)V)
RET(8400897,18)
CALL(21745668,32,scala/collection/mutable/IndexedSeqLike$class#$init$(Lscala/collection/mutable/IndexedSeqLike;)V)
RET(33574913,37)
CALL(21745669,32,scala/collection/mutable/IndexedSeq$class#$init$(Lscala/collection/mutable/IndexedSeq;)V)
RET(4206593,22)
CALL(21745670,32,scala/collection/IndexedSeqOptimized$class#$init$(Lscala/collection/IndexedSeqOptimized;)V)
RET(12742657,24)
CALL(21745671,32,scala/math/Ordered$class#$init$(Lscala/math/Ordered;)V)
RET(4218881,57)
CALL(21745672,32,scala/collection/immutable/StringLike$class#$init$(Lscala/collection/immutable/StringLike;)V)
RET(29503489,43)
CALL(21745673,32,scala/collection/generic/Growable$class#$init$(Lscala/collection/generic/Growable;)V)
RET(20987905,27)
CALL(21745674,32,scala/collection/mutable/Builder$class#$init$(Lscala/collection/mutable/Builder;)V)
RET(24577,26)
RET(21745675,32)
RET(21749765,49)
RET(21753858,54)
CALL(20975619,13,scala/collection/mutable/StringBuilder#append(I)Lscala/collection/mutable/StringBuilder;)
CALL(21467137,263,scala/collection/mutable/StringBuilder#underlying()Ljava/lang/StringBuilder;)
RET(21336065,31)
RET(21467139,263)
CALL(20975620,13,scala/collection/mutable/StringBuilder#append(Ljava/lang/Object;)Lscala/collection/mutable/StringBuilder;)
CALL(21430273,200,scala/collection/mutable/StringBuilder#underlying()Ljava/lang/StringBuilder;)
RET(21336065,31)
RET(21430276,201)
CALL(20975621,13,scala/collection/mutable/StringBuilder#toString()Ljava/lang/String;)
CALL(21577729,430,scala/collection/mutable/StringBuilder#underlying()Ljava/lang/StringBuilder;)
RET(21336065,31)
RET(21577731,430)
CALL(20975622,13,scala/Predef$#println(Ljava/lang/Object;)V)
CALL(4419585,315,scala/Console$#println(Ljava/lang/Object;)V)
CALL(172033,148,scala/Console$#out()Ljava/io/PrintStream;)
CALL(122881,33,scala/Console$#outVar()Lscala/util/DynamicVariable;)
RET(98305,23)
CALL(122882,33,scala/util/DynamicVariable#value()Ljava/lang/Object;)
CALL(29368321,46,scala/util/DynamicVariable#tl()Ljava/lang/InheritableThreadLocal;)
RET(29364225,41)
RET(29368323,46)
RET(122883,33)
RET(172035,148)
RET(4419586,315)
RET(20975634,12)
